<?xml version="1.0" encoding="UTF-8" ?>
<testsuite tests="8" failures="2" name="TestSuite" time="80.085" errors="0" skipped="6">
  <properties>
[...]
</properties>
  <testcase classname="com.orangeHRM.testcases.orangeHRM_login" name="validate" time="0.12">
    <skipped/>
  </testcase>
  <testcase classname="com.orangeHRM.testcases.orangeHRM_login" name="validate" time="0.007">
    <skipped/>
  </testcase>
  <testcase classname="com.orangeHRM.testcases.orangeHRM_login" name="validate" time="0.013">
    <skipped/>
  </testcase>
  <testcase classname="com.orangeHRM.testcases.orangeHRM_login" name="validate" time="0.007">
    <failure message="expected [sam] but found [OrangeHRM]" type="java.lang.AssertionError">java.lang.AssertionError: expected [sam] but found [OrangeHRM]
	at org.testng.Assert.fail(Assert.java:99)
	at org.testng.Assert.failNotEquals(Assert.java:1037)
	at org.testng.Assert.assertEqualsImpl(Assert.java:140)
	at org.testng.Assert.assertEquals(Assert.java:122)
	at org.testng.Assert.assertEquals(Assert.java:629)
	at org.testng.Assert.assertEquals(Assert.java:639)
	at com.orangeHRM.testcases.Golden_template.ValidatePageTitle(Golden_template.java:123)
	at com.orangeHRM.testcases.orangeHRM_login.validate(orangeHRM_login.java:20)
</failure>
  </testcase>
  <testcase classname="com.orangeHRM.testcases.orangeHRM_login" name="validatewebelement" time="0.085">
    <skipped/>
  </testcase>
  <testcase classname="com.orangeHRM.testcases.orangeHRM_login" name="validatewebelement" time="0.044">
    <skipped/>
  </testcase>
  <testcase classname="com.orangeHRM.testcases.orangeHRM_login" name="validatewebelement" time="0.046">
    <skipped/>
  </testcase>
  <testcase classname="com.orangeHRM.testcases.orangeHRM_login" name="validatewebelement" time="0.044">
    <failure message="expected [sam] but found [LOGIN Panel]" type="java.lang.AssertionError">java.lang.AssertionError: expected [sam] but found [LOGIN Panel]
	at org.testng.Assert.fail(Assert.java:99)
	at org.testng.Assert.failNotEquals(Assert.java:1037)
	at org.testng.Assert.assertEqualsImpl(Assert.java:140)
	at org.testng.Assert.assertEquals(Assert.java:122)
	at org.testng.Assert.assertEquals(Assert.java:629)
	at org.testng.Assert.assertEquals(Assert.java:639)
	at com.orangeHRM.testcases.Golden_template.ValidateText(Golden_template.java:130)
	at com.orangeHRM.testcases.orangeHRM_login.validatewebelement(orangeHRM_login.java:25)
</failure>
  </testcase>
</testsuite>